#
# There is insufficient memory for the Java Runtime Environment to continue.
# Native memory allocation (malloc) failed to allocate 1120256 bytes. Error detail: Chunk::new
# Possible reasons:
#   The system is out of physical RAM or swap space
#   This process is running with CompressedOops enabled, and the Java Heap may be blocking the growth of the native heap
# Possible solutions:
#   Reduce memory load on the system
#   Increase physical memory or swap space
#   Check if swap backing store is full
#   Decrease Java heap size (-Xmx/-Xms)
#   Decrease number of Java threads
#   Decrease Java thread stack sizes (-Xss)
#   Set larger code cache with -XX:ReservedCodeCacheSize=
#   JVM is running with Unscaled Compressed Oops mode in which the Java heap is
#     placed in the first 4GB address space. The Java Heap base address is the
#     maximum limit for the native heap growth. Please use -XX:HeapBaseMinAddress
#     to set the Java Heap base and to place the Java Heap above 4GB virtual address.
# This output file may be truncated or incomplete.
#
#  Out of Memory Error (arena.cpp:149), pid=10832, tid=32508
#
# JRE version: OpenJDK Runtime Environment (23.0.1+11) (build 23.0.1+11-39)
# Java VM: OpenJDK 64-Bit Server VM (23.0.1+11-39, mixed mode, sharing, tiered, compressed oops, compressed class ptrs, g1 gc, windows-amd64)
# No core dump will be written. Minidumps are not enabled by default on client versions of Windows
#

---------------  S U M M A R Y ------------

Command Line: -javaagent:C:\Program Files\JetBrains\IntelliJ IDEA Community Edition 2024.3\lib\idea_rt.jar=54083:C:\Program Files\JetBrains\IntelliJ IDEA Community Edition 2024.3\bin -Dfile.encoding=UTF-8 -Dsun.stdout.encoding=UTF-8 -Dsun.stderr.encoding=UTF-8 com.food.FoodWebsiteApplication

Host: AMD Ryzen 5 5600H with Radeon Graphics         , 12 cores, 5G,  Windows 11 , 64 bit Build 22621 (10.0.22621.4830)
Time: Sat Feb 15 17:54:39 2025 India Standard Time elapsed time: 7519.774099 seconds (0d 2h 5m 19s)

---------------  T H R E A D  ---------------

Current thread (0x000001aaae0318f0):  JavaThread "C2 CompilerThread0" daemon [_thread_in_native, id=32508, stack(0x000000163f500000,0x000000163f600000) (1024K)]


Current CompileTask:
C2:7519774 13068   !   4       org.springframework.core.ResolvableType::determineUnresolvableGenerics (190 bytes)

Stack: [0x000000163f500000,0x000000163f600000]
Native frames: (J=compiled Java code, j=interpreted, Vv=VM code, C=native code)
V  [jvm.dll+0x6e08b9]  (no source info available)
V  [jvm.dll+0x87dc83]  (no source info available)
V  [jvm.dll+0x88010e]  (no source info available)
V  [jvm.dll+0x8807e3]  (no source info available)
V  [jvm.dll+0x27aee6]  (no source info available)
V  [jvm.dll+0xbc06f]  (no source info available)
V  [jvm.dll+0xbc2cb]  (no source info available)
V  [jvm.dll+0x3b3a9c]  (no source info available)
V  [jvm.dll+0x38a42b]  (no source info available)
V  [jvm.dll+0x38989a]  (no source info available)
V  [jvm.dll+0x244aa1]  (no source info available)
V  [jvm.dll+0x243dff]  (no source info available)
V  [jvm.dll+0x1c33a0]  (no source info available)
V  [jvm.dll+0x253cf1]  (no source info available)
V  [jvm.dll+0x251faa]  (no source info available)
V  [jvm.dll+0x3ee036]  (no source info available)
V  [jvm.dll+0x824f8b]  (no source info available)
V  [jvm.dll+0x6df065]  (no source info available)
C  [ucrtbase.dll+0x29333]  (no source info available)
C  [KERNEL32.DLL+0x1259d]  (no source info available)
C  [ntdll.dll+0x5af38]  (no source info available)

Lock stack of current Java thread (top to bottom):


---------------  P R O C E S S  ---------------

Threads class SMR info:
_java_thread_list=0x000001aaf9cfcf40, length=31, elements={
0x000001aaae01c730, 0x000001aaae01f8b0, 0x000001aaae023150, 0x000001aaae026bd0,
0x000001aaae02d550, 0x000001aaae02c830, 0x000001aaae0318f0, 0x000001aaae05bb70,
0x000001aaae02dbe0, 0x000001aaae02a760, 0x000001aaae02adf0, 0x000001aaf4380630,
0x000001aaf4381350, 0x000001aaf4383420, 0x000001aaf4380cc0, 0x000001aaf4383ab0,
0x000001aaf437ebf0, 0x000001aaf4b66f40, 0x000001aaf4b65b90, 0x000001aaf4b668b0,
0x000001aaf4b69010, 0x000001aaf4b6b0e0, 0x000001aaf4b69d30, 0x000001aaf4b67c60,
0x000001aaf4b696a0, 0x000001aaf4b675d0, 0x000001aaf4b6b770, 0x000001aaf4b6a3c0,
0x000001aaf4b6c490, 0x000001aaf4b6aa50, 0x000001aaf4b682f0
}

Java Threads: ( => current thread )
  0x000001aaae01c730 JavaThread "Reference Handler"          daemon [_thread_blocked, id=31216, stack(0x000000163ef00000,0x000000163f000000) (1024K)]
  0x000001aaae01f8b0 JavaThread "Finalizer"                  daemon [_thread_blocked, id=19328, stack(0x000000163f000000,0x000000163f100000) (1024K)]
  0x000001aaae023150 JavaThread "Signal Dispatcher"          daemon [_thread_blocked, id=30944, stack(0x000000163f100000,0x000000163f200000) (1024K)]
  0x000001aaae026bd0 JavaThread "Attach Listener"            daemon [_thread_blocked, id=32544, stack(0x000000163f200000,0x000000163f300000) (1024K)]
  0x000001aaae02d550 JavaThread "Service Thread"             daemon [_thread_blocked, id=12800, stack(0x000000163f300000,0x000000163f400000) (1024K)]
  0x000001aaae02c830 JavaThread "Monitor Deflation Thread"   daemon [_thread_blocked, id=33556, stack(0x000000163f400000,0x000000163f500000) (1024K)]
=>0x000001aaae0318f0 JavaThread "C2 CompilerThread0"         daemon [_thread_in_native, id=32508, stack(0x000000163f500000,0x000000163f600000) (1024K)]
  0x000001aaae05bb70 JavaThread "C1 CompilerThread0"         daemon [_thread_blocked, id=25472, stack(0x000000163f600000,0x000000163f700000) (1024K)]
  0x000001aaae02dbe0 JavaThread "Common-Cleaner"             daemon [_thread_blocked, id=27596, stack(0x000000163f700000,0x000000163f800000) (1024K)]
  0x000001aaae02a760 JavaThread "Monitor Ctrl-Break"         daemon [_thread_in_native, id=13360, stack(0x000000163f800000,0x000000163f900000) (1024K)]
  0x000001aaae02adf0 JavaThread "Notification Thread"        daemon [_thread_blocked, id=32004, stack(0x000000163f900000,0x000000163fa00000) (1024K)]
  0x000001aaf4380630 JavaThread "Catalina-utility-1"                [_thread_blocked, id=32668, stack(0x0000001640900000,0x0000001640a00000) (1024K)]
  0x000001aaf4381350 JavaThread "Catalina-utility-2"                [_thread_blocked, id=30044, stack(0x0000001640a00000,0x0000001640b00000) (1024K)]
  0x000001aaf4383420 JavaThread "container-0"                       [_thread_blocked, id=29012, stack(0x0000001640b00000,0x0000001640c00000) (1024K)]
  0x000001aaf4380cc0 JavaThread "PostgreSQL-JDBC-Cleaner"    daemon [_thread_blocked, id=6076, stack(0x0000001640d00000,0x0000001640e00000) (1024K)]
  0x000001aaf4383ab0 JavaThread "HikariPool-1 housekeeper"   daemon [_thread_blocked, id=11620, stack(0x0000001640e00000,0x0000001640f00000) (1024K)]
  0x000001aaf437ebf0 JavaThread "File Watcher"               daemon [_thread_blocked, id=7776, stack(0x0000001640800000,0x0000001640900000) (1024K)]
  0x000001aaf4b66f40 JavaThread "Live Reload Server"         daemon [_thread_in_native, id=22548, stack(0x0000001641100000,0x0000001641200000) (1024K)]
  0x000001aaf4b65b90 JavaThread "http-nio-8080-exec-1"       daemon [_thread_blocked, id=12468, stack(0x0000001641000000,0x0000001641100000) (1024K)]
  0x000001aaf4b668b0 JavaThread "http-nio-8080-exec-2"       daemon [_thread_blocked, id=32132, stack(0x0000001641200000,0x0000001641300000) (1024K)]
  0x000001aaf4b69010 JavaThread "http-nio-8080-exec-3"       daemon [_thread_blocked, id=14384, stack(0x0000001641300000,0x0000001641400000) (1024K)]
  0x000001aaf4b6b0e0 JavaThread "http-nio-8080-exec-4"       daemon [_thread_blocked, id=23688, stack(0x0000001641400000,0x0000001641500000) (1024K)]
  0x000001aaf4b69d30 JavaThread "http-nio-8080-exec-5"       daemon [_thread_blocked, id=31528, stack(0x0000001641500000,0x0000001641600000) (1024K)]
  0x000001aaf4b67c60 JavaThread "http-nio-8080-exec-6"       daemon [_thread_blocked, id=33636, stack(0x0000001641600000,0x0000001641700000) (1024K)]
  0x000001aaf4b696a0 JavaThread "http-nio-8080-exec-7"       daemon [_thread_blocked, id=28852, stack(0x0000001641700000,0x0000001641800000) (1024K)]
  0x000001aaf4b675d0 JavaThread "http-nio-8080-exec-8"       daemon [_thread_blocked, id=29268, stack(0x0000001641800000,0x0000001641900000) (1024K)]
  0x000001aaf4b6b770 JavaThread "http-nio-8080-exec-9"       daemon [_thread_blocked, id=33592, stack(0x0000001641900000,0x0000001641a00000) (1024K)]
  0x000001aaf4b6a3c0 JavaThread "http-nio-8080-exec-10"      daemon [_thread_blocked, id=27504, stack(0x0000001641a00000,0x0000001641b00000) (1024K)]
  0x000001aaf4b6c490 JavaThread "http-nio-8080-Poller"       daemon [_thread_in_native, id=14168, stack(0x0000001641b00000,0x0000001641c00000) (1024K)]
  0x000001aaf4b6aa50 JavaThread "http-nio-8080-Acceptor"     daemon [_thread_in_native, id=23548, stack(0x0000001641c00000,0x0000001641d00000) (1024K)]
  0x000001aaf4b682f0 JavaThread "DestroyJavaVM"                     [_thread_blocked, id=32448, stack(0x000000163e700000,0x000000163e800000) (1024K)]
Total: 31

Other Threads:
  0x000001aaae004ea0 VMThread "VM Thread"                           [id=22852, stack(0x000000163ee00000,0x000000163ef00000) (1024K)]
  0x000001aaadff2210 WatcherThread "VM Periodic Task Thread"        [id=30936, stack(0x000000163ed00000,0x000000163ee00000) (1024K)]
  0x000001aa918e9f20 WorkerThread "GC Thread#0"                     [id=15516, stack(0x000000163e800000,0x000000163e900000) (1024K)]
  0x000001aaae004390 WorkerThread "GC Thread#1"                     [id=22064, stack(0x000000163fc00000,0x000000163fd00000) (1024K)]
  0x000001aaae004740 WorkerThread "GC Thread#2"                     [id=14912, stack(0x000000163fd00000,0x000000163fe00000) (1024K)]
  0x000001aaf41d3d40 WorkerThread "GC Thread#3"                     [id=32716, stack(0x000000163fe00000,0x000000163ff00000) (1024K)]
  0x000001aaf41d40f0 WorkerThread "GC Thread#4"                     [id=30832, stack(0x000000163ff00000,0x0000001640000000) (1024K)]
  0x000001aaf41d44a0 WorkerThread "GC Thread#5"                     [id=26652, stack(0x0000001640000000,0x0000001640100000) (1024K)]
  0x000001aaf41d4c00 WorkerThread "GC Thread#6"                     [id=27040, stack(0x0000001640300000,0x0000001640400000) (1024K)]
  0x000001aaf41d6d30 WorkerThread "GC Thread#7"                     [id=15880, stack(0x0000001640400000,0x0000001640500000) (1024K)]
  0x000001aaf41d5ac0 WorkerThread "GC Thread#8"                     [id=28944, stack(0x0000001640500000,0x0000001640600000) (1024K)]
  0x000001aaf41d6980 WorkerThread "GC Thread#9"                     [id=30572, stack(0x0000001640600000,0x0000001640700000) (1024K)]
  0x000001aa918f9a90 ConcurrentGCThread "G1 Main Marker"            [id=19640, stack(0x000000163e900000,0x000000163ea00000) (1024K)]
  0x000001aa918fac50 WorkerThread "G1 Conc#0"                       [id=29608, stack(0x000000163ea00000,0x000000163eb00000) (1024K)]
  0x000001aaf4ff95f0 WorkerThread "G1 Conc#1"                       [id=26880, stack(0x0000001640100000,0x0000001640200000) (1024K)]
  0x000001aaf4ffafc0 WorkerThread "G1 Conc#2"                       [id=32848, stack(0x0000001640700000,0x0000001640800000) (1024K)]
  0x000001aa9194e790 ConcurrentGCThread "G1 Refine#0"               [id=12364, stack(0x000000163eb00000,0x000000163ec00000) (1024K)]
  0x000001aaadec4740 ConcurrentGCThread "G1 Service"                [id=23532, stack(0x000000163ec00000,0x000000163ed00000) (1024K)]
Total: 18

Threads with active compile tasks:
C2 CompilerThread0  7519922 13068   !   4       org.springframework.core.ResolvableType::determineUnresolvableGenerics (190 bytes)
Total: 1

VM state: not at safepoint (normal execution)

VM Mutex/Monitor currently owned by a thread: None

Heap address: 0x00000000a2400000, size: 1500 MB, Compressed Oops mode: 32-bit

CDS archive(s) mapped at: [0x000001aaaf000000-0x000001aaafd70000-0x000001aaafd70000), size 14090240, SharedBaseAddress: 0x000001aaaf000000, ArchiveRelocationMode: 1.
Compressed class space mapped at: 0x000001aab0000000-0x000001aaf0000000, reserved size: 1073741824
Narrow klass base: 0x000001aaaf000000, Narrow klass shift: 0, Narrow klass range: 0x41000000

GC Precious Log:
 CardTable entry size: 512
 Card Set container configuration: InlinePtr #cards 5 size 8 Array Of Cards #cards 10 size 36 Howl #buckets 4 coarsen threshold 1843 Howl Bitmap #cards 512 size 80 coarsen threshold 460 Card regions per heap region 1 cards per card region 2048
 CPUs: 12 total, 12 available
 Memory: 5996M
 Large Page Support: Disabled
 NUMA Support: Disabled
 Compressed Oops: Enabled (32-bit)
 Heap Region Size: 1M
 Heap Min Capacity: 8M
 Heap Initial Capacity: 94M
 Heap Max Capacity: 1500M
 Pre-touch: Disabled
 Parallel Workers: 10
 Concurrent Workers: 3
 Concurrent Refinement Workers: 10
 Periodic GC: Disabled

Heap:
 garbage-first heap   total reserved 1536000K, committed 105472K, used 60630K [0x00000000a2400000, 0x0000000100000000)
  region size 1024K, 29 young (29696K), 3 survivors (3072K)
 Metaspace       used 82456K, committed 83072K, reserved 1179648K
  class space    used 11351K, committed 11648K, reserved 1048576K

Heap Regions: E=young(eden), S=young(survivor), O=old, HS=humongous(starts), HC=humongous(continues), CS=collection set, F=free, TAMS=top-at-mark-start, PB=parsable bottom
|   0|0x00000000a2400000, 0x00000000a2500000, 0x00000000a2500000|100%|HS|  |TAMS 0x00000000a2400000| PB 0x00000000a2400000| Complete |  0
|   1|0x00000000a2500000, 0x00000000a2600000, 0x00000000a2600000|100%|HS|  |TAMS 0x00000000a2500000| PB 0x00000000a2500000| Complete |  0
|   2|0x00000000a2600000, 0x00000000a2700000, 0x00000000a2700000|100%| O|  |TAMS 0x00000000a2600000| PB 0x00000000a2600000| Untracked |  0
|   3|0x00000000a2700000, 0x00000000a2800000, 0x00000000a2800000|100%| O|  |TAMS 0x00000000a2700000| PB 0x00000000a2700000| Untracked |  0
|   4|0x00000000a2800000, 0x00000000a2900000, 0x00000000a2900000|100%| O|  |TAMS 0x00000000a2800000| PB 0x00000000a2800000| Untracked |  0
|   5|0x00000000a2900000, 0x00000000a2a00000, 0x00000000a2a00000|100%| O|  |TAMS 0x00000000a2900000| PB 0x00000000a2900000| Untracked |  0
|   6|0x00000000a2a00000, 0x00000000a2b00000, 0x00000000a2b00000|100%| O|  |TAMS 0x00000000a2a00000| PB 0x00000000a2a00000| Untracked |  0
|   7|0x00000000a2b00000, 0x00000000a2c00000, 0x00000000a2c00000|100%| O|  |TAMS 0x00000000a2b00000| PB 0x00000000a2b00000| Untracked |  0
|   8|0x00000000a2c00000, 0x00000000a2d00000, 0x00000000a2d00000|100%| O|  |TAMS 0x00000000a2c00000| PB 0x00000000a2c00000| Untracked |  0
|   9|0x00000000a2d00000, 0x00000000a2e00000, 0x00000000a2e00000|100%| O|  |TAMS 0x00000000a2d00000| PB 0x00000000a2d00000| Untracked |  0
|  10|0x00000000a2e00000, 0x00000000a2f00000, 0x00000000a2f00000|100%| O|  |TAMS 0x00000000a2e00000| PB 0x00000000a2e00000| Untracked |  0
|  11|0x00000000a2f00000, 0x00000000a3000000, 0x00000000a3000000|100%| O|  |TAMS 0x00000000a2f00000| PB 0x00000000a2f00000| Untracked |  0
|  12|0x00000000a3000000, 0x00000000a3100000, 0x00000000a3100000|100%| O|  |TAMS 0x00000000a3000000| PB 0x00000000a3000000| Untracked |  0
|  13|0x00000000a3100000, 0x00000000a3200000, 0x00000000a3200000|100%| O|  |TAMS 0x00000000a3100000| PB 0x00000000a3100000| Untracked |  0
|  14|0x00000000a3200000, 0x00000000a3300000, 0x00000000a3300000|100%| O|  |TAMS 0x00000000a3200000| PB 0x00000000a3200000| Untracked |  0
|  15|0x00000000a3300000, 0x00000000a3400000, 0x00000000a3400000|100%| O|  |TAMS 0x00000000a3300000| PB 0x00000000a3300000| Untracked |  0
|  16|0x00000000a3400000, 0x00000000a3500000, 0x00000000a3500000|100%| O|  |TAMS 0x00000000a3400000| PB 0x00000000a3400000| Untracked |  0
|  17|0x00000000a3500000, 0x00000000a3600000, 0x00000000a3600000|100%| O|  |TAMS 0x00000000a3500000| PB 0x00000000a3500000| Untracked |  0
|  18|0x00000000a3600000, 0x00000000a3700000, 0x00000000a3700000|100%| O|  |TAMS 0x00000000a3600000| PB 0x00000000a3600000| Untracked |  0
|  19|0x00000000a3700000, 0x00000000a3800000, 0x00000000a3800000|100%| O|  |TAMS 0x00000000a3700000| PB 0x00000000a3700000| Untracked |  0
|  20|0x00000000a3800000, 0x00000000a3900000, 0x00000000a3900000|100%| O|  |TAMS 0x00000000a3800000| PB 0x00000000a3800000| Untracked |  0
|  21|0x00000000a3900000, 0x00000000a39b99c8, 0x00000000a3a00000| 72%| O|  |TAMS 0x00000000a3900000| PB 0x00000000a3900000| Untracked |  0
|  22|0x00000000a3a00000, 0x00000000a3a00000, 0x00000000a3b00000|  0%| F|  |TAMS 0x00000000a3a00000| PB 0x00000000a3a00000| Untracked |  0
|  23|0x00000000a3b00000, 0x00000000a3c00000, 0x00000000a3c00000|100%| O|  |TAMS 0x00000000a3b00000| PB 0x00000000a3b00000| Untracked |  0
|  24|0x00000000a3c00000, 0x00000000a3d00000, 0x00000000a3d00000|100%| O|  |TAMS 0x00000000a3c00000| PB 0x00000000a3c00000| Untracked |  0
|  25|0x00000000a3d00000, 0x00000000a3e00000, 0x00000000a3e00000|100%| O|  |TAMS 0x00000000a3d00000| PB 0x00000000a3d00000| Untracked |  0
|  26|0x00000000a3e00000, 0x00000000a3e00000, 0x00000000a3f00000|  0%| F|  |TAMS 0x00000000a3e00000| PB 0x00000000a3e00000| Untracked |  0
|  27|0x00000000a3f00000, 0x00000000a4000000, 0x00000000a4000000|100%| O|  |TAMS 0x00000000a3f00000| PB 0x00000000a3f00000| Untracked |  0
|  28|0x00000000a4000000, 0x00000000a4100000, 0x00000000a4100000|100%| O|  |TAMS 0x00000000a4000000| PB 0x00000000a4000000| Untracked |  0
|  29|0x00000000a4100000, 0x00000000a4200000, 0x00000000a4200000|100%| O|  |TAMS 0x00000000a4100000| PB 0x00000000a4100000| Untracked |  0
|  30|0x00000000a4200000, 0x00000000a4200000, 0x00000000a4300000|  0%| F|  |TAMS 0x00000000a4200000| PB 0x00000000a4200000| Untracked |  0
|  31|0x00000000a4300000, 0x00000000a4300000, 0x00000000a4400000|  0%| F|  |TAMS 0x00000000a4300000| PB 0x00000000a4300000| Untracked |  0
|  32|0x00000000a4400000, 0x00000000a4400000, 0x00000000a4500000|  0%| F|  |TAMS 0x00000000a4400000| PB 0x00000000a4400000| Untracked |  0
|  33|0x00000000a4500000, 0x00000000a4500000, 0x00000000a4600000|  0%| F|  |TAMS 0x00000000a4500000| PB 0x00000000a4500000| Untracked |  0
|  34|0x00000000a4600000, 0x00000000a4600000, 0x00000000a4700000|  0%| F|  |TAMS 0x00000000a4600000| PB 0x00000000a4600000| Untracked |  0
|  35|0x00000000a4700000, 0x00000000a4800000, 0x00000000a4800000|100%| O|  |TAMS 0x00000000a4700000| PB 0x00000000a4700000| Untracked |  0
|  36|0x00000000a4800000, 0x00000000a4900000, 0x00000000a4900000|100%| O|  |TAMS 0x00000000a4800000| PB 0x00000000a4800000| Untracked |  0
|  37|0x00000000a4900000, 0x00000000a497c200, 0x00000000a4a00000| 48%| S|CS|TAMS 0x00000000a4900000| PB 0x00000000a4900000| Complete |  0
|  38|0x00000000a4a00000, 0x00000000a4b00000, 0x00000000a4b00000|100%| O|  |TAMS 0x00000000a4a00000| PB 0x00000000a4a00000| Untracked |  0
|  39|0x00000000a4b00000, 0x00000000a4c00000, 0x00000000a4c00000|100%| O|  |TAMS 0x00000000a4b00000| PB 0x00000000a4b00000| Untracked |  0
|  40|0x00000000a4c00000, 0x00000000a4d00000, 0x00000000a4d00000|100%| O|  |TAMS 0x00000000a4c00000| PB 0x00000000a4c00000| Untracked |  0
|  41|0x00000000a4d00000, 0x00000000a4e00000, 0x00000000a4e00000|100%| S|CS|TAMS 0x00000000a4d00000| PB 0x00000000a4d00000| Complete |  0
|  42|0x00000000a4e00000, 0x00000000a4f00000, 0x00000000a4f00000|100%| S|CS|TAMS 0x00000000a4e00000| PB 0x00000000a4e00000| Complete |  0
|  43|0x00000000a4f00000, 0x00000000a4f00000, 0x00000000a5000000|  0%| F|  |TAMS 0x00000000a4f00000| PB 0x00000000a4f00000| Untracked |  0
|  44|0x00000000a5000000, 0x00000000a5000000, 0x00000000a5100000|  0%| F|  |TAMS 0x00000000a5000000| PB 0x00000000a5000000| Untracked |  0
|  45|0x00000000a5100000, 0x00000000a5100000, 0x00000000a5200000|  0%| F|  |TAMS 0x00000000a5100000| PB 0x00000000a5100000| Untracked |  0
|  46|0x00000000a5200000, 0x00000000a5200000, 0x00000000a5300000|  0%| F|  |TAMS 0x00000000a5200000| PB 0x00000000a5200000| Untracked |  0
|  47|0x00000000a5300000, 0x00000000a5300000, 0x00000000a5400000|  0%| F|  |TAMS 0x00000000a5300000| PB 0x00000000a5300000| Untracked |  0
|  48|0x00000000a5400000, 0x00000000a5400000, 0x00000000a5500000|  0%| F|  |TAMS 0x00000000a5400000| PB 0x00000000a5400000| Untracked |  0
|  49|0x00000000a5500000, 0x00000000a5500000, 0x00000000a5600000|  0%| F|  |TAMS 0x00000000a5500000| PB 0x00000000a5500000| Untracked |  0
|  50|0x00000000a5600000, 0x00000000a5600000, 0x00000000a5700000|  0%| F|  |TAMS 0x00000000a5600000| PB 0x00000000a5600000| Untracked |  0
|  51|0x00000000a5700000, 0x00000000a5700000, 0x00000000a5800000|  0%| F|  |TAMS 0x00000000a5700000| PB 0x00000000a5700000| Untracked |  0
|  52|0x00000000a5800000, 0x00000000a5800000, 0x00000000a5900000|  0%| F|  |TAMS 0x00000000a5800000| PB 0x00000000a5800000| Untracked |  0
|  53|0x00000000a5900000, 0x00000000a5900000, 0x00000000a5a00000|  0%| F|  |TAMS 0x00000000a5900000| PB 0x00000000a5900000| Untracked |  0
|  54|0x00000000a5a00000, 0x00000000a5a00000, 0x00000000a5b00000|  0%| F|  |TAMS 0x00000000a5a00000| PB 0x00000000a5a00000| Untracked |  0
|  55|0x00000000a5b00000, 0x00000000a5b00000, 0x00000000a5c00000|  0%| F|  |TAMS 0x00000000a5b00000| PB 0x00000000a5b00000| Untracked |  0
|  56|0x00000000a5c00000, 0x00000000a5c00000, 0x00000000a5d00000|  0%| F|  |TAMS 0x00000000a5c00000| PB 0x00000000a5c00000| Untracked |  0
|  57|0x00000000a5d00000, 0x00000000a5d00000, 0x00000000a5e00000|  0%| F|  |TAMS 0x00000000a5d00000| PB 0x00000000a5d00000| Untracked |  0
|  58|0x00000000a5e00000, 0x00000000a5e00000, 0x00000000a5f00000|  0%| F|  |TAMS 0x00000000a5e00000| PB 0x00000000a5e00000| Untracked |  0
|  59|0x00000000a5f00000, 0x00000000a5f00000, 0x00000000a6000000|  0%| F|  |TAMS 0x00000000a5f00000| PB 0x00000000a5f00000| Untracked |  0
|  60|0x00000000a6000000, 0x00000000a6000000, 0x00000000a6100000|  0%| F|  |TAMS 0x00000000a6000000| PB 0x00000000a6000000| Untracked |  0
|  61|0x00000000a6100000, 0x00000000a6100000, 0x00000000a6200000|  0%| F|  |TAMS 0x00000000a6100000| PB 0x00000000a6100000| Untracked |  0
|  62|0x00000000a6200000, 0x00000000a6200000, 0x00000000a6300000|  0%| F|  |TAMS 0x00000000a6200000| PB 0x00000000a6200000| Untracked |  0
|  63|0x00000000a6300000, 0x00000000a6300000, 0x00000000a6400000|  0%| F|  |TAMS 0x00000000a6300000| PB 0x00000000a6300000| Untracked |  0
|  64|0x00000000a6400000, 0x00000000a6400000, 0x00000000a6500000|  0%| F|  |TAMS 0x00000000a6400000| PB 0x00000000a6400000| Untracked |  0
|  65|0x00000000a6500000, 0x00000000a6500000, 0x00000000a6600000|  0%| F|  |TAMS 0x00000000a6500000| PB 0x00000000a6500000| Untracked |  0
|  66|0x00000000a6600000, 0x00000000a6600000, 0x00000000a6700000|  0%| F|  |TAMS 0x00000000a6600000| PB 0x00000000a6600000| Untracked |  0
|  67|0x00000000a6700000, 0x00000000a6700000, 0x00000000a6800000|  0%| F|  |TAMS 0x00000000a6700000| PB 0x00000000a6700000| Untracked |  0
|  68|0x00000000a6800000, 0x00000000a6800000, 0x00000000a6900000|  0%| F|  |TAMS 0x00000000a6800000| PB 0x00000000a6800000| Untracked |  0
|  69|0x00000000a6900000, 0x00000000a6900000, 0x00000000a6a00000|  0%| F|  |TAMS 0x00000000a6900000| PB 0x00000000a6900000| Untracked |  0
|  70|0x00000000a6a00000, 0x00000000a6a00000, 0x00000000a6b00000|  0%| F|  |TAMS 0x00000000a6a00000| PB 0x00000000a6a00000| Untracked |  0
|  71|0x00000000a6b00000, 0x00000000a6b00000, 0x00000000a6c00000|  0%| F|  |TAMS 0x00000000a6b00000| PB 0x00000000a6b00000| Untracked |  0
|  72|0x00000000a6c00000, 0x00000000a6c00000, 0x00000000a6d00000|  0%| F|  |TAMS 0x00000000a6c00000| PB 0x00000000a6c00000| Untracked |  0
|  73|0x00000000a6d00000, 0x00000000a6d00000, 0x00000000a6e00000|  0%| F|  |TAMS 0x00000000a6d00000| PB 0x00000000a6d00000| Untracked |  0
|  74|0x00000000a6e00000, 0x00000000a6e00000, 0x00000000a6f00000|  0%| F|  |TAMS 0x00000000a6e00000| PB 0x00000000a6e00000| Untracked |  0
|  75|0x00000000a6f00000, 0x00000000a6f00000, 0x00000000a7000000|  0%| F|  |TAMS 0x00000000a6f00000| PB 0x00000000a6f00000| Untracked |  0
|  76|0x00000000a7000000, 0x00000000a7000000, 0x00000000a7100000|  0%| F|  |TAMS 0x00000000a7000000| PB 0x00000000a7000000| Untracked |  0
|  77|0x00000000a7100000, 0x00000000a71efd28, 0x00000000a7200000| 93%| E|  |TAMS 0x00000000a7100000| PB 0x00000000a7100000| Complete |  0
|  78|0x00000000a7200000, 0x00000000a7300000, 0x00000000a7300000|100%| E|CS|TAMS 0x00000000a7200000| PB 0x00000000a7200000| Complete |  0
|  79|0x00000000a7300000, 0x00000000a7400000, 0x00000000a7400000|100%| E|CS|TAMS 0x00000000a7300000| PB 0x00000000a7300000| Complete |  0
|  80|0x00000000a7400000, 0x00000000a7500000, 0x00000000a7500000|100%| E|CS|TAMS 0x00000000a7400000| PB 0x00000000a7400000| Complete |  0
|  81|0x00000000a7500000, 0x00000000a7600000, 0x00000000a7600000|100%| E|CS|TAMS 0x00000000a7500000| PB 0x00000000a7500000| Complete |  0
|  82|0x00000000a7600000, 0x00000000a7700000, 0x00000000a7700000|100%| E|CS|TAMS 0x00000000a7600000| PB 0x00000000a7600000| Complete |  0
|  83|0x00000000a7700000, 0x00000000a7800000, 0x00000000a7800000|100%| E|CS|TAMS 0x00000000a7700000| PB 0x00000000a7700000| Complete |  0
|  84|0x00000000a7800000, 0x00000000a7900000, 0x00000000a7900000|100%| E|CS|TAMS 0x00000000a7800000| PB 0x00000000a7800000| Complete |  0
|  85|0x00000000a7900000, 0x00000000a7a00000, 0x00000000a7a00000|100%| E|CS|TAMS 0x00000000a7900000| PB 0x00000000a7900000| Complete |  0
|  86|0x00000000a7a00000, 0x00000000a7b00000, 0x00000000a7b00000|100%| E|CS|TAMS 0x00000000a7a00000| PB 0x00000000a7a00000| Complete |  0
|  87|0x00000000a7b00000, 0x00000000a7c00000, 0x00000000a7c00000|100%| E|CS|TAMS 0x00000000a7b00000| PB 0x00000000a7b00000| Complete |  0
|  88|0x00000000a7c00000, 0x00000000a7d00000, 0x00000000a7d00000|100%| E|CS|TAMS 0x00000000a7c00000| PB 0x00000000a7c00000| Complete |  0
|  89|0x00000000a7d00000, 0x00000000a7e00000, 0x00000000a7e00000|100%| E|CS|TAMS 0x00000000a7d00000| PB 0x00000000a7d00000| Complete |  0
|  90|0x00000000a7e00000, 0x00000000a7f00000, 0x00000000a7f00000|100%| E|CS|TAMS 0x00000000a7e00000| PB 0x00000000a7e00000| Complete |  0
|  91|0x00000000a7f00000, 0x00000000a8000000, 0x00000000a8000000|100%| E|CS|TAMS 0x00000000a7f00000| PB 0x00000000a7f00000| Complete |  0
|  92|0x00000000a8000000, 0x00000000a8100000, 0x00000000a8100000|100%| E|CS|TAMS 0x00000000a8000000| PB 0x00000000a8000000| Complete |  0
|  93|0x00000000a8100000, 0x00000000a8200000, 0x00000000a8200000|100%| E|CS|TAMS 0x00000000a8100000| PB 0x00000000a8100000| Complete |  0
|  94|0x00000000a8200000, 0x00000000a8300000, 0x00000000a8300000|100%| E|CS|TAMS 0x00000000a8200000| PB 0x00000000a8200000| Complete |  0
|  95|0x00000000a8300000, 0x00000000a8400000, 0x00000000a8400000|100%| E|CS|TAMS 0x00000000a8300000| PB 0x00000000a8300000| Complete |  0
|  96|0x00000000a8400000, 0x00000000a8500000, 0x00000000a8500000|100%| E|  |TAMS 0x00000000a8400000| PB 0x00000000a8400000| Complete |  0
|  97|0x00000000a8500000, 0x00000000a8600000, 0x00000000a8600000|100%| E|CS|TAMS 0x00000000a8500000| PB 0x00000000a8500000| Complete |  0
|  98|0x00000000a8600000, 0x00000000a8700000, 0x00000000a8700000|100%| E|CS|TAMS 0x00000000a8600000| PB 0x00000000a8600000| Complete |  0
|  99|0x00000000a8700000, 0x00000000a8800000, 0x00000000a8800000|100%| E|CS|TAMS 0x00000000a8700000| PB 0x00000000a8700000| Complete |  0
| 100|0x00000000a8800000, 0x00000000a8900000, 0x00000000a8900000|100%| E|CS|TAMS 0x00000000a8800000| PB 0x00000000a8800000| Complete |  0
| 101|0x00000000a8900000, 0x00000000a8a00000, 0x00000000a8a00000|100%| E|CS|TAMS 0x00000000a8900000| PB 0x00000000a8900000| Complete |  0
| 102|0x00000000a8a00000, 0x00000000a8b00000, 0x00000000a8b00000|100%| E|CS|TAMS 0x00000000a8a00000| PB 0x00000000a8a00000| Complete |  0

Card table byte_map: [0x000001aaa9910000,0x000001aaa9c00000] _byte_map_base: 0x000001aaa93fe000

Marking Bits: (CMBitMap*) 0x000001aa918ea540
 Bits: [0x000001aaa9c00000, 0x000001aaab370000)

Polling page: 0x000001aa91050000

Metaspace:

Usage:
  Non-class:     69.44 MB used.
      Class:     11.09 MB used.
       Both:     80.52 MB used.

Virtual space:
  Non-class space:      128.00 MB reserved,      69.75 MB ( 54%) committed,  2 nodes.
      Class space:        1.00 GB reserved,      11.38 MB (  1%) committed,  1 nodes.
             Both:        1.12 GB reserved,      81.12 MB (  7%) committed. 

Chunk freelists:
   Non-Class:  10.22 MB
       Class:  4.55 MB
        Both:  14.77 MB

MaxMetaspaceSize: unlimited
CompressedClassSpaceSize: 1.00 GB
Initial GC threshold: 21.00 MB
Current GC threshold: 135.25 MB
CDS: on
 - commit_granule_bytes: 65536.
 - commit_granule_words: 8192.
 - virtual_space_node_default_size: 8388608.
 - enlarge_chunks_in_place: 1.
 - use_allocation_guard: 0.


Internal statistics:

num_allocs_failed_limit: 12.
num_arena_births: 1188.
num_arena_deaths: 388.
num_vsnodes_births: 3.
num_vsnodes_deaths: 0.
num_space_committed: 1298.
num_space_uncommitted: 0.
num_chunks_returned_to_freelist: 464.
num_chunks_taken_from_freelist: 4501.
num_chunk_merges: 123.
num_chunk_splits: 2962.
num_chunks_enlarged: 2277.
num_inconsistent_stats: 0.

CodeHeap 'non-profiled nmethods': size=120064Kb used=4533Kb max_used=4533Kb free=115530Kb
 bounds [0x000001aaa1a80000, 0x000001aaa1ef0000, 0x000001aaa8fc0000]
CodeHeap 'profiled nmethods': size=120000Kb used=10731Kb max_used=12654Kb free=109268Kb
 bounds [0x000001aa99fc0000, 0x000001aa9ac20000, 0x000001aaa14f0000]
CodeHeap 'non-nmethods': size=5696Kb used=1725Kb max_used=1790Kb free=3970Kb
 bounds [0x000001aaa14f0000, 0x000001aaa1760000, 0x000001aaa1a80000]
CodeCache: size=245760Kb, used=16989Kb, max_used=18977Kb, free=228768Kb
 total_blobs=7600, nmethods=6836, adapters=668, full_count=0
Compilation: enabled, stopped_count=0, restarted_count=0

Compilation events (20 events):
Event: 7517.975 Thread 0x000001aaae0318f0 nmethod 13058 0x000001aaa1e22e88 code [0x000001aaa1e22fa0, 0x000001aaa1e23078]
Event: 7517.977 Thread 0x000001aaae0318f0 13059       4       org.apache.catalina.connector.RequestFacade::getHttpServletMapping (12 bytes)
Event: 7517.979 Thread 0x000001aaae0318f0 nmethod 13059 0x000001aaa1e2b488 code [0x000001aaa1e2b5a0, 0x000001aaa1e2b688]
Event: 7518.081 Thread 0x000001aaae0318f0 13060       4       org.springframework.http.converter.json.AbstractJackson2HttpMessageConverter::selectObjectMapper (156 bytes)
Event: 7518.084 Thread 0x000001aaae0318f0 nmethod 13060 0x000001aaa1e2c088 code [0x000001aaa1e2c1a0, 0x000001aaa1e2c298]
Event: 7518.361 Thread 0x000001aaae0318f0 13061       4       org.springframework.http.HttpHeaders::getFirst (14 bytes)
Event: 7518.363 Thread 0x000001aaae0318f0 nmethod 13061 0x000001aaa1eeb188 code [0x000001aaa1eeb2c0, 0x000001aaa1eeb4d0]
Event: 7518.410 Thread 0x000001aaae0318f0 13062       4       org.springframework.web.context.request.RequestContextHolder::setRequestAttributes (44 bytes)
Event: 7518.428 Thread 0x000001aaae0318f0 nmethod 13062 0x000001aaa1eeb588 code [0x000001aaa1eeb760, 0x000001aaa1eec508]
Event: 7518.428 Thread 0x000001aaae0318f0 13063       4       org.springframework.context.i18n.LocaleContextHolder::setLocaleContext (44 bytes)
Event: 7518.444 Thread 0x000001aaae0318f0 nmethod 13063 0x000001aaa1eec608 code [0x000001aaa1eec7e0, 0x000001aaa1eed588]
Event: 7518.459 Thread 0x000001aaae05bb70 13064       3       org.springframework.core.annotation.AnnotatedElementUtils::hasAnnotation (38 bytes)
Event: 7518.460 Thread 0x000001aaae05bb70 nmethod 13064 0x000001aa9a128d08 code [0x000001aa9a128ec0, 0x000001aa9a1295a0]
Event: 7518.763 Thread 0x000001aaae0318f0 13065       4       org.apache.catalina.core.ApplicationFilterChain::release (49 bytes)
Event: 7518.771 Thread 0x000001aaae0318f0 nmethod 13065 0x000001aaa1eed688 code [0x000001aaa1eed7a0, 0x000001aaa1eedac0]
Event: 7519.178 Thread 0x000001aaae0318f0 13066       4       java.lang.String::<init> (16 bytes)
Event: 7519.180 Thread 0x000001aaae0318f0 nmethod 13066 0x000001aaa1e2ea88 code [0x000001aaa1e2eba0, 0x000001aaa1e2ec88]
Event: 7519.229 Thread 0x000001aaae0318f0 13067   !   4       java.text.MessageFormat::setFormatFromPattern (355 bytes)
Event: 7519.261 Thread 0x000001aaae0318f0 nmethod 13067 0x000001aaa1eedb08 code [0x000001aaa1eedd40, 0x000001aaa1eef360]
Event: 7519.707 Thread 0x000001aaae0318f0 13068   !   4       org.springframework.core.ResolvableType::determineUnresolvableGenerics (190 bytes)

GC Heap History (20 events):
Event: 7302.570 GC heap before
{Heap before GC invocations=41 (full 0):
 garbage-first heap   total reserved 1536000K, committed 105472K, used 94251K [0x00000000a2400000, 0x0000000100000000)
  region size 1024K, 59 young (60416K), 4 survivors (4096K)
 Metaspace       used 80416K, committed 81024K, reserved 1179648K
  class space    used 11351K, committed 11648K, reserved 1048576K
}
Event: 7302.656 GC heap after
{Heap after GC invocations=42 (full 0):
 garbage-first heap   total reserved 1536000K, committed 105472K, used 36922K [0x00000000a2400000, 0x0000000100000000)
  region size 1024K, 4 young (4096K), 4 survivors (4096K)
 Metaspace       used 80416K, committed 81024K, reserved 1179648K
  class space    used 11351K, committed 11648K, reserved 1048576K
}
Event: 7482.138 GC heap before
{Heap before GC invocations=42 (full 0):
 garbage-first heap   total reserved 1536000K, committed 105472K, used 93242K [0x00000000a2400000, 0x0000000100000000)
  region size 1024K, 60 young (61440K), 4 survivors (4096K)
 Metaspace       used 81073K, committed 81728K, reserved 1179648K
  class space    used 11355K, committed 11648K, reserved 1048576K
}
Event: 7482.222 GC heap after
{Heap after GC invocations=43 (full 0):
 garbage-first heap   total reserved 1536000K, committed 105472K, used 37696K [0x00000000a2400000, 0x0000000100000000)
  region size 1024K, 5 young (5120K), 5 survivors (5120K)
 Metaspace       used 81073K, committed 81728K, reserved 1179648K
  class space    used 11355K, committed 11648K, reserved 1048576K
}
Event: 7486.349 GC heap before
{Heap before GC invocations=44 (full 0):
 garbage-first heap   total reserved 1536000K, committed 105472K, used 91968K [0x00000000a2400000, 0x0000000100000000)
  region size 1024K, 59 young (60416K), 5 survivors (5120K)
 Metaspace       used 81816K, committed 82432K, reserved 1179648K
  class space    used 11357K, committed 11648K, reserved 1048576K
}
Event: 7486.363 GC heap after
{Heap after GC invocations=45 (full 0):
 garbage-first heap   total reserved 1536000K, committed 105472K, used 37513K [0x00000000a2400000, 0x0000000100000000)
  region size 1024K, 3 young (3072K), 3 survivors (3072K)
 Metaspace       used 81816K, committed 82432K, reserved 1179648K
  class space    used 11357K, committed 11648K, reserved 1048576K
}
Event: 7490.660 GC heap before
{Heap before GC invocations=45 (full 0):
 garbage-first heap   total reserved 1536000K, committed 105472K, used 94857K [0x00000000a2400000, 0x0000000100000000)
  region size 1024K, 60 young (61440K), 3 survivors (3072K)
 Metaspace       used 82341K, committed 83008K, reserved 1179648K
  class space    used 11357K, committed 11648K, reserved 1048576K
}
Event: 7490.674 GC heap after
{Heap after GC invocations=46 (full 0):
 garbage-first heap   total reserved 1536000K, committed 105472K, used 36762K [0x00000000a2400000, 0x0000000100000000)
  region size 1024K, 3 young (3072K), 3 survivors (3072K)
 Metaspace       used 82341K, committed 83008K, reserved 1179648K
  class space    used 11357K, committed 11648K, reserved 1048576K
}
Event: 7494.413 GC heap before
{Heap before GC invocations=46 (full 0):
 garbage-first heap   total reserved 1536000K, committed 105472K, used 95130K [0x00000000a2400000, 0x0000000100000000)
  region size 1024K, 61 young (62464K), 3 survivors (3072K)
 Metaspace       used 82435K, committed 83072K, reserved 1179648K
  class space    used 11357K, committed 11648K, reserved 1048576K
}
Event: 7494.417 GC heap after
{Heap after GC invocations=47 (full 0):
 garbage-first heap   total reserved 1536000K, committed 105472K, used 36712K [0x00000000a2400000, 0x0000000100000000)
  region size 1024K, 3 young (3072K), 3 survivors (3072K)
 Metaspace       used 82435K, committed 83072K, reserved 1179648K
  class space    used 11357K, committed 11648K, reserved 1048576K
}
Event: 7498.799 GC heap before
{Heap before GC invocations=48 (full 0):
 garbage-first heap   total reserved 1536000K, committed 105472K, used 95080K [0x00000000a2400000, 0x0000000100000000)
  region size 1024K, 61 young (62464K), 3 survivors (3072K)
 Metaspace       used 82452K, committed 83072K, reserved 1179648K
  class space    used 11351K, committed 11648K, reserved 1048576K
}
Event: 7498.802 GC heap after
{Heap after GC invocations=49 (full 0):
 garbage-first heap   total reserved 1536000K, committed 105472K, used 36757K [0x00000000a2400000, 0x0000000100000000)
  region size 1024K, 3 young (3072K), 3 survivors (3072K)
 Metaspace       used 82452K, committed 83072K, reserved 1179648K
  class space    used 11351K, committed 11648K, reserved 1048576K
}
Event: 7502.790 GC heap before
{Heap before GC invocations=49 (full 0):
 garbage-first heap   total reserved 1536000K, committed 105472K, used 95125K [0x00000000a2400000, 0x0000000100000000)
  region size 1024K, 61 young (62464K), 3 survivors (3072K)
 Metaspace       used 82456K, committed 83072K, reserved 1179648K
  class space    used 11351K, committed 11648K, reserved 1048576K
}
Event: 7502.822 GC heap after
{Heap after GC invocations=50 (full 0):
 garbage-first heap   total reserved 1536000K, committed 105472K, used 36005K [0x00000000a2400000, 0x0000000100000000)
  region size 1024K, 3 young (3072K), 3 survivors (3072K)
 Metaspace       used 82456K, committed 83072K, reserved 1179648K
  class space    used 11351K, committed 11648K, reserved 1048576K
}
Event: 7507.627 GC heap before
{Heap before GC invocations=50 (full 0):
 garbage-first heap   total reserved 1536000K, committed 105472K, used 94373K [0x00000000a2400000, 0x0000000100000000)
  region size 1024K, 61 young (62464K), 3 survivors (3072K)
 Metaspace       used 82456K, committed 83072K, reserved 1179648K
  class space    used 11351K, committed 11648K, reserved 1048576K
}
Event: 7507.632 GC heap after
{Heap after GC invocations=51 (full 0):
 garbage-first heap   total reserved 1536000K, committed 105472K, used 36314K [0x00000000a2400000, 0x0000000100000000)
  region size 1024K, 3 young (3072K), 3 survivors (3072K)
 Metaspace       used 82456K, committed 83072K, reserved 1179648K
  class space    used 11351K, committed 11648K, reserved 1048576K
}
Event: 7514.490 GC heap before
{Heap before GC invocations=52 (full 0):
 garbage-first heap   total reserved 1536000K, committed 105472K, used 94682K [0x00000000a2400000, 0x0000000100000000)
  region size 1024K, 61 young (62464K), 3 survivors (3072K)
 Metaspace       used 82456K, committed 83072K, reserved 1179648K
  class space    used 11351K, committed 11648K, reserved 1048576K
}
Event: 7514.496 GC heap after
{Heap after GC invocations=53 (full 0):
 garbage-first heap   total reserved 1536000K, committed 105472K, used 36329K [0x00000000a2400000, 0x0000000100000000)
  region size 1024K, 3 young (3072K), 3 survivors (3072K)
 Metaspace       used 82456K, committed 83072K, reserved 1179648K
  class space    used 11351K, committed 11648K, reserved 1048576K
}
Event: 7518.069 GC heap before
{Heap before GC invocations=53 (full 0):
 garbage-first heap   total reserved 1536000K, committed 105472K, used 94697K [0x00000000a2400000, 0x0000000100000000)
  region size 1024K, 61 young (62464K), 3 survivors (3072K)
 Metaspace       used 82456K, committed 83072K, reserved 1179648K
  class space    used 11351K, committed 11648K, reserved 1048576K
}
Event: 7518.080 GC heap after
{Heap after GC invocations=54 (full 0):
 garbage-first heap   total reserved 1536000K, committed 105472K, used 36054K [0x00000000a2400000, 0x0000000100000000)
  region size 1024K, 3 young (3072K), 3 survivors (3072K)
 Metaspace       used 82456K, committed 83072K, reserved 1179648K
  class space    used 11351K, committed 11648K, reserved 1048576K
}

Dll operation events (14 events):
Event: 0.013 Loaded shared library C:\Users\MAHI\.jdks\openjdk-23.0.1\bin\java.dll
Event: 0.055 Loaded shared library C:\Users\MAHI\.jdks\openjdk-23.0.1\bin\jsvml.dll
Event: 0.191 Loaded shared library C:\Users\MAHI\.jdks\openjdk-23.0.1\bin\zip.dll
Event: 0.196 Loaded shared library C:\Users\MAHI\.jdks\openjdk-23.0.1\bin\instrument.dll
Event: 0.203 Loaded shared library C:\Users\MAHI\.jdks\openjdk-23.0.1\bin\net.dll
Event: 0.206 Loaded shared library C:\Users\MAHI\.jdks\openjdk-23.0.1\bin\nio.dll
Event: 0.212 Loaded shared library C:\Users\MAHI\.jdks\openjdk-23.0.1\bin\zip.dll
Event: 0.372 Loaded shared library C:\Program Files\JetBrains\IntelliJ IDEA Community Edition 2024.3\bin\breakgen64.dll
Event: 0.383 Loaded shared library C:\Users\MAHI\.jdks\openjdk-23.0.1\bin\extnet.dll
Event: 0.426 Loaded shared library C:\Users\MAHI\.jdks\openjdk-23.0.1\bin\jimage.dll
Event: 0.759 Loaded shared library C:\Users\MAHI\.jdks\openjdk-23.0.1\bin\management.dll
Event: 0.761 Loaded shared library C:\Users\MAHI\.jdks\openjdk-23.0.1\bin\management_ext.dll
Event: 1.777 Loaded shared library C:\Users\MAHI\.jdks\openjdk-23.0.1\bin\sunmscapi.dll
Event: 3.908 Loaded shared library C:\Users\MAHI\.jdks\openjdk-23.0.1\bin\verify.dll

Deoptimization events (20 events):
Event: 7506.147 Thread 0x000001aaf4b69d30 DEOPT PACKING pc=0x000001aaa1eb2cb0 sp=0x00000016415fefc0
Event: 7506.147 Thread 0x000001aaf4b69d30 DEOPT UNPACKING pc=0x000001aaa1544402 sp=0x00000016415fee70 mode 2
Event: 7506.179 Thread 0x000001aaf4b65b90 Uncommon trap: trap_request=0xffffffd6 fr.pc=0x000001aaa1eb2cb0 relative=0x0000000000003db0
Event: 7506.179 Thread 0x000001aaf4b65b90 Uncommon trap: reason=array_check action=maybe_recompile pc=0x000001aaa1eb2cb0 method=org.apache.coyote.http11.Http11InputBuffer.addActiveFilter(Lorg/apache/coyote/http11/InputFilter;)V @ 79 c2
Event: 7506.179 Thread 0x000001aaf4b65b90 DEOPT PACKING pc=0x000001aaa1eb2cb0 sp=0x00000016410fe9a0
Event: 7506.179 Thread 0x000001aaf4b65b90 DEOPT UNPACKING pc=0x000001aaa1544402 sp=0x00000016410fe850 mode 2
Event: 7506.220 Thread 0x000001aaf4b675d0 Uncommon trap: trap_request=0xffffffd6 fr.pc=0x000001aaa1eb2cb0 relative=0x0000000000003db0
Event: 7506.220 Thread 0x000001aaf4b675d0 Uncommon trap: reason=array_check action=maybe_recompile pc=0x000001aaa1eb2cb0 method=org.apache.coyote.http11.Http11InputBuffer.addActiveFilter(Lorg/apache/coyote/http11/InputFilter;)V @ 79 c2
Event: 7506.220 Thread 0x000001aaf4b675d0 DEOPT PACKING pc=0x000001aaa1eb2cb0 sp=0x00000016418fefa0
Event: 7506.220 Thread 0x000001aaf4b675d0 DEOPT UNPACKING pc=0x000001aaa1544402 sp=0x00000016418fee50 mode 2
Event: 7506.267 Thread 0x000001aaf4b67c60 Uncommon trap: trap_request=0xffffffd6 fr.pc=0x000001aaa1eb2cb0 relative=0x0000000000003db0
Event: 7506.267 Thread 0x000001aaf4b67c60 Uncommon trap: reason=array_check action=maybe_recompile pc=0x000001aaa1eb2cb0 method=org.apache.coyote.http11.Http11InputBuffer.addActiveFilter(Lorg/apache/coyote/http11/InputFilter;)V @ 79 c2
Event: 7506.267 Thread 0x000001aaf4b67c60 DEOPT PACKING pc=0x000001aaa1eb2cb0 sp=0x00000016416feb70
Event: 7506.267 Thread 0x000001aaf4b67c60 DEOPT UNPACKING pc=0x000001aaa1544402 sp=0x00000016416fea20 mode 2
Event: 7507.349 Thread 0x000001aaf4b675d0 Uncommon trap: trap_request=0xffffff45 fr.pc=0x000001aaa1ebb4d8 relative=0x0000000000000bb8
Event: 7507.349 Thread 0x000001aaf4b675d0 Uncommon trap: reason=unstable_if action=reinterpret pc=0x000001aaa1ebb4d8 method=ch.qos.logback.classic.spi.PackagingDataCalculator.populateFrames([Lch/qos/logback/classic/spi/StackTraceElementProxy;)V @ 61 c2
Event: 7507.349 Thread 0x000001aaf4b675d0 DEOPT PACKING pc=0x000001aaa1ebb4d8 sp=0x00000016418fded0
Event: 7507.349 Thread 0x000001aaf4b675d0 DEOPT UNPACKING pc=0x000001aaa1544402 sp=0x00000016418fde78 mode 2
Event: 7517.739 Thread 0x000001aaf4b69010 DEOPT PACKING pc=0x000001aa9a01fb14 sp=0x00000016413fea20
Event: 7517.739 Thread 0x000001aaf4b69010 DEOPT UNPACKING pc=0x000001aaa1544b22 sp=0x00000016413fdee8 mode 0

Classes loaded (20 events):
Event: 10.985 Loading class java/util/stream/LongStream
Event: 10.985 Loading class java/util/stream/LongStream done
Event: 10.985 Loading class java/util/stream/DoubleStream
Event: 10.986 Loading class java/util/stream/DoubleStream done
Event: 59.385 Loading class java/util/ArrayList$SubList$2
Event: 59.385 Loading class java/util/ArrayList$SubList$2 done
Event: 683.868 Loading class java/io/PushbackInputStream
Event: 683.873 Loading class java/io/PushbackInputStream done
Event: 683.904 Loading class org/w3c/dom/Node
Event: 683.917 Loading class org/w3c/dom/Node done
Event: 683.917 Loading class org/w3c/dom/Document
Event: 683.924 Loading class org/w3c/dom/Document done
Event: 2743.328 Loading class java/util/concurrent/locks/ReentrantReadWriteLock$Sync$HoldCounter
Event: 2743.342 Loading class java/util/concurrent/locks/ReentrantReadWriteLock$Sync$HoldCounter done
Event: 6604.630 Loading class jdk/internal/reflect/MethodHandleBooleanFieldAccessorImpl
Event: 6604.634 Loading class jdk/internal/reflect/MethodHandleBooleanFieldAccessorImpl done
Event: 6723.294 Loading class java/text/MessageFormat$Field
Event: 6723.295 Loading class java/text/MessageFormat$Field done
Event: 7498.131 Loading class sun/util/locale/LocaleExtensions
Event: 7498.136 Loading class sun/util/locale/LocaleExtensions done

Classes unloaded (20 events):
Event: 3965.955 Thread 0x000001aaae004ea0 Unloading class 0x000001aab0001c00 'java/lang/invoke/LambdaForm$MH+0x000001aab0001c00'
Event: 3965.955 Thread 0x000001aaae004ea0 Unloading class 0x000001aab0001800 'java/lang/invoke/LambdaForm$MH+0x000001aab0001800'
Event: 3965.955 Thread 0x000001aaae004ea0 Unloading class 0x000001aab0001000 'java/lang/invoke/LambdaForm$MH+0x000001aab0001000'
Event: 6058.329 Thread 0x000001aaae004ea0 Unloading class 0x000001aab0088c00 'java/lang/invoke/LambdaForm$MH+0x000001aab0088c00'
Event: 6058.330 Thread 0x000001aaae004ea0 Unloading class 0x000001aab001b800 'java/lang/invoke/LambdaForm$MH+0x000001aab001b800'
Event: 6058.330 Thread 0x000001aaae004ea0 Unloading class 0x000001aab001b000 'java/lang/invoke/LambdaForm$MH+0x000001aab001b000'
Event: 6058.330 Thread 0x000001aaae004ea0 Unloading class 0x000001aab001a800 'java/lang/invoke/LambdaForm$MH+0x000001aab001a800'
Event: 6058.330 Thread 0x000001aaae004ea0 Unloading class 0x000001aab001a400 'java/lang/invoke/LambdaForm$MH+0x000001aab001a400'
Event: 7494.445 Thread 0x000001aaae004ea0 Unloading class 0x000001aab0a8ac00 'java/lang/invoke/LambdaForm$MH+0x000001aab0a8ac00'
Event: 7494.446 Thread 0x000001aaae004ea0 Unloading class 0x000001aab0a8a000 'java/lang/invoke/LambdaForm$MH+0x000001aab0a8a000'
Event: 7494.446 Thread 0x000001aaae004ea0 Unloading class 0x000001aab0a89c00 'java/lang/invoke/LambdaForm$MH+0x000001aab0a89c00'
Event: 7494.446 Thread 0x000001aaae004ea0 Unloading class 0x000001aab0a89800 'java/lang/invoke/LambdaForm$MH+0x000001aab0a89800'
Event: 7494.446 Thread 0x000001aaae004ea0 Unloading class 0x000001aab0a89400 'java/lang/invoke/LambdaForm$MH+0x000001aab0a89400'
Event: 7494.446 Thread 0x000001aaae004ea0 Unloading class 0x000001aab0a88800 'java/lang/invoke/LambdaForm$MH+0x000001aab0a88800'
Event: 7494.446 Thread 0x000001aaae004ea0 Unloading class 0x000001aab0a88400 'java/lang/invoke/LambdaForm$MH+0x000001aab0a88400'
Event: 7494.446 Thread 0x000001aaae004ea0 Unloading class 0x000001aab0a88000 'java/lang/invoke/LambdaForm$MH+0x000001aab0a88000'
Event: 7494.447 Thread 0x000001aaae004ea0 Unloading class 0x000001aab0a68800 'java/lang/invoke/LambdaForm$MH+0x000001aab0a68800'
Event: 7494.448 Thread 0x000001aaae004ea0 Unloading class 0x000001aab0a68000 'java/lang/invoke/LambdaForm$MH+0x000001aab0a68000'
Event: 7494.449 Thread 0x000001aaae004ea0 Unloading class 0x000001aab0a44000 'java/lang/invoke/LambdaForm$MH+0x000001aab0a44000'
Event: 7494.449 Thread 0x000001aaae004ea0 Unloading class 0x000001aab0098800 'java/lang/invoke/LambdaForm$MH+0x000001aab0098800'

Classes redefined (0 events):
No events

Internal exceptions (20 events):
Event: 5573.838 Thread 0x000001aaf4381350 Implicit null exception at 0x000001aaa1a857bd to 0x000001aaa1a85831
Event: 6474.117 Thread 0x000001aaf4b6b770 Implicit null exception at 0x000001aaa1dab344 to 0x000001aaa1dad548
Event: 6474.124 Thread 0x000001aaf4b6b770 Implicit null exception at 0x000001aaa1d3758b to 0x000001aaa1d378b8
Event: 6474.125 Thread 0x000001aaf4b6b770 Implicit null exception at 0x000001aaa1c06190 to 0x000001aaa1c064d4
Event: 6518.877 Thread 0x000001aaf4b668b0 Implicit null exception at 0x000001aaa1c56ff3 to 0x000001aaa1c57908
Event: 6518.881 Thread 0x000001aaf4b668b0 Implicit null exception at 0x000001aaa1c59826 to 0x000001aaa1c59c88
Event: 6603.844 Thread 0x000001aaf4b675d0 Implicit null exception at 0x000001aaa1c88f36 to 0x000001aaa1c8fcac
Event: 6603.891 Thread 0x000001aaf4b675d0 Implicit null exception at 0x000001aaa1da912c to 0x000001aaa1daa3f8
Event: 6604.570 Thread 0x000001aaf4b675d0 Exception <a 'java/lang/NoSuchMethodError'{0x00000000a5946ab8}: 'void java.lang.invoke.DirectMethodHandle$Holder.invokeStatic(java.lang.Object, int, java.lang.Object, java.lang.Object, java.lang.Object, java.lang.Object)'> (0x00000000a5946ab8) 
thrown [s\open\src\hotspot\share\interpreter\linkResolver.cpp, line 796]
Event: 6604.581 Thread 0x000001aaf4b675d0 Exception <a 'java/lang/NoSuchMethodError'{0x00000000a5956bf8}: 'int java.lang.invoke.DirectMethodHandle$Holder.invokeStatic(java.lang.Object, java.lang.Object, int, int)'> (0x00000000a5956bf8) 
thrown [s\open\src\hotspot\share\interpreter\linkResolver.cpp, line 796]
Event: 6604.636 Thread 0x000001aaf4b675d0 Exception <a 'java/lang/NoSuchMethodError'{0x00000000a598b188}: 'void java.lang.invoke.DelegatingMethodHandle$Holder.reinvoke_L(java.lang.Object, java.lang.Object, int)'> (0x00000000a598b188) 
thrown [s\open\src\hotspot\share\interpreter\linkResolver.cpp, line 796]
Event: 6604.638 Thread 0x000001aaf4b675d0 Exception <a 'java/lang/NoSuchMethodError'{0x00000000a5805168}: 'int java.lang.invoke.Invokers$Holder.invokeExact_MT(java.lang.Object, java.lang.Object, java.lang.Object)'> (0x00000000a5805168) 
thrown [s\open\src\hotspot\share\interpreter\linkResolver.cpp, line 796]
Event: 6604.644 Thread 0x000001aaf4b675d0 Exception <a 'java/lang/NoSuchMethodError'{0x00000000a580ce40}: 'void java.lang.invoke.Invokers$Holder.invokeExact_MT(java.lang.Object, java.lang.Object, int, java.lang.Object)'> (0x00000000a580ce40) 
thrown [s\open\src\hotspot\share\interpreter\linkResolver.cpp, line 796]
Event: 6604.695 Thread 0x000001aaf4b675d0 Exception <a 'java/lang/NoSuchMethodError'{0x00000000a58356c0}: 'int java.lang.invoke.DirectMethodHandle$Holder.invokeInterface(java.lang.Object, java.lang.Object, java.lang.Object, int, java.lang.Object, java.lang.Object)'> (0x00000000a58356c0) 
thrown [s\open\src\hotspot\share\interpreter\linkResolver.cpp, line 796]
Event: 6604.695 Thread 0x000001aaf4b675d0 Exception <a 'java/lang/IncompatibleClassChangeError'{0x00000000a58398d8}: Found class java.lang.Object, but interface was expected> (0x00000000a58398d8) 
thrown [s\open\src\hotspot\share\interpreter\linkResolver.cpp, line 863]
Event: 6864.819 Thread 0x000001aaf4b69d30 Implicit null exception at 0x000001aaa1c776e4 to 0x000001aaa1c7a1c8
Event: 6864.874 Thread 0x000001aaf4b69d30 Exception <a 'java/lang/NoSuchMethodError'{0x00000000a7642af0}: 'java.lang.Object java.lang.invoke.DirectMethodHandle$Holder.invokeInterface(java.lang.Object, java.lang.Object, java.lang.Object, java.lang.Object)'> (0x00000000a7642af0) 
thrown [s\open\src\hotspot\share\interpreter\linkResolver.cpp, line 796]
Event: 6864.906 Thread 0x000001aaf4b69d30 Exception <a 'java/lang/IncompatibleClassChangeError'{0x00000000a76595e8}: Found class java.lang.Object, but interface was expected> (0x00000000a76595e8) 
thrown [s\open\src\hotspot\share\interpreter\linkResolver.cpp, line 863]
Event: 6865.014 Thread 0x000001aaf4b69d30 Exception <a 'java/lang/IncompatibleClassChangeError'{0x00000000a768a9e8}: Found class java.lang.Object, but interface was expected> (0x00000000a768a9e8) 
thrown [s\open\src\hotspot\share\interpreter\linkResolver.cpp, line 863]
Event: 6865.250 Thread 0x000001aaf4b69d30 Exception <a 'java/lang/IncompatibleClassChangeError'{0x00000000a76fb3e8}: Found class java.lang.Object, but interface was expected> (0x00000000a76fb3e8) 
thrown [s\open\src\hotspot\share\interpreter\linkResolver.cpp, line 863]

VM Operations (20 events):
Event: 7494.413 Executing VM operation: G1CollectForAllocation (G1 Evacuation Pause)
Event: 7494.417 Executing VM operation: G1CollectForAllocation (G1 Evacuation Pause) done
Event: 7494.445 Executing VM operation: G1PauseRemark
Event: 7494.848 Executing VM operation: G1PauseRemark done
Event: 7494.915 Executing VM operation: G1PauseCleanup
Event: 7494.918 Executing VM operation: G1PauseCleanup done
Event: 7498.799 Executing VM operation: G1CollectForAllocation (G1 Evacuation Pause)
Event: 7498.802 Executing VM operation: G1CollectForAllocation (G1 Evacuation Pause) done
Event: 7502.790 Executing VM operation: G1CollectForAllocation (G1 Evacuation Pause)
Event: 7502.822 Executing VM operation: G1CollectForAllocation (G1 Evacuation Pause) done
Event: 7507.627 Executing VM operation: G1CollectForAllocation (G1 Evacuation Pause)
Event: 7507.632 Executing VM operation: G1CollectForAllocation (G1 Evacuation Pause) done
Event: 7507.665 Executing VM operation: G1PauseRemark
Event: 7507.672 Executing VM operation: G1PauseRemark done
Event: 7507.681 Executing VM operation: G1PauseCleanup
Event: 7507.681 Executing VM operation: G1PauseCleanup done
Event: 7514.490 Executing VM operation: G1CollectForAllocation (G1 Evacuation Pause)
Event: 7514.496 Executing VM operation: G1CollectForAllocation (G1 Evacuation Pause) done
Event: 7518.069 Executing VM operation: G1CollectForAllocation (G1 Evacuation Pause)
Event: 7518.080 Executing VM operation: G1CollectForAllocation (G1 Evacuation Pause) done

Memory protections (0 events):
No events

Nmethod flushes (20 events):
Event: 7507.671 Thread 0x000001aaae004ea0 flushing  nmethod 0x000001aa9a620208
Event: 7507.671 Thread 0x000001aaae004ea0 flushing  nmethod 0x000001aa9a652708
Event: 7507.671 Thread 0x000001aaae004ea0 flushing  nmethod 0x000001aa9a6bc908
Event: 7507.671 Thread 0x000001aaae004ea0 flushing  nmethod 0x000001aa9a6bce08
Event: 7507.671 Thread 0x000001aaae004ea0 flushing  nmethod 0x000001aa9a6c0108
Event: 7507.671 Thread 0x000001aaae004ea0 flushing  nmethod 0x000001aa9a7d4a88
Event: 7507.671 Thread 0x000001aaae004ea0 flushing  nmethod 0x000001aa9a81bf88
Event: 7507.671 Thread 0x000001aaae004ea0 flushing  nmethod 0x000001aa9a8d2108
Event: 7507.671 Thread 0x000001aaae004ea0 flushing  nmethod 0x000001aa9a8d2d08
Event: 7507.671 Thread 0x000001aaae004ea0 flushing  nmethod 0x000001aa9a942288
Event: 7507.671 Thread 0x000001aaae004ea0 flushing  nmethod 0x000001aa9aa0cd88
Event: 7507.671 Thread 0x000001aaae004ea0 flushing  nmethod 0x000001aa9aa0d508
Event: 7507.671 Thread 0x000001aaae004ea0 flushing  nmethod 0x000001aa9aa0dd88
Event: 7507.671 Thread 0x000001aaae004ea0 flushing  nmethod 0x000001aa9aa0e508
Event: 7507.671 Thread 0x000001aaae004ea0 flushing  nmethod 0x000001aa9aa64908
Event: 7507.671 Thread 0x000001aaae004ea0 flushing  nmethod 0x000001aa9aa66008
Event: 7507.671 Thread 0x000001aaae004ea0 flushing  nmethod 0x000001aa9aa6a308
Event: 7507.671 Thread 0x000001aaae004ea0 flushing  nmethod 0x000001aa9aa9ed88
Event: 7507.671 Thread 0x000001aaae004ea0 flushing  nmethod 0x000001aa9aa9f408
Event: 7507.671 Thread 0x000001aaae004ea0 flushing  nmethod 0x000001aa9aaa0608

Events (20 events):
Event: 6120.366 Thread 0x000001aaf4383ab0 Thread added: 0x000001aaf4b6be00
Event: 6120.367 Thread 0x000001aaf4b6be00 Thread added: 0x000001aaf4b68980
Event: 6132.727 Thread 0x000001aaf4b6be00 Thread exited: 0x000001aaf4b6be00
Event: 6132.803 Thread 0x000001aaf4b68980 Thread exited: 0x000001aaf4b68980
Event: 6142.313 Thread 0x000001aaf4383ab0 Thread added: 0x000001aaf4b68980
Event: 6142.315 Thread 0x000001aaf4b68980 Thread added: 0x000001aaf4b6be00
Event: 6147.318 Thread 0x000001aaf4b68980 Thread exited: 0x000001aaf4b68980
Event: 6147.397 Thread 0x000001aaf4b6be00 Thread exited: 0x000001aaf4b6be00
Event: 6148.268 Thread 0x000001aaf4383ab0 Thread added: 0x000001aaf4b6be00
Event: 6148.269 Thread 0x000001aaf4b6be00 Thread added: 0x000001aaf4b66220
Event: 6153.277 Thread 0x000001aaf4b6be00 Thread exited: 0x000001aaf4b6be00
Event: 6153.309 Thread 0x000001aaf4383ab0 Thread added: 0x000001aaf4b6be00
Event: 6158.313 Thread 0x000001aaf4b6be00 Thread exited: 0x000001aaf4b6be00
Event: 6158.391 Thread 0x000001aaf4b66220 Thread exited: 0x000001aaf4b66220
Event: 6173.908 Thread 0x000001aaf4383ab0 Thread added: 0x000001aaf4b68980
Event: 6173.910 Thread 0x000001aaf4b68980 Thread added: 0x000001aaf4b6be00
Event: 6178.917 Thread 0x000001aaf4b68980 Thread exited: 0x000001aaf4b68980
Event: 6179.009 Thread 0x000001aaf4b6be00 Thread exited: 0x000001aaf4b6be00
Event: 7480.647 Thread 0x000001aaae05bb70 Thread added: 0x000001aaf6fccf80
Event: 7481.073 Thread 0x000001aaf6fccf80 Thread exited: 0x000001aaf6fccf80


Dynamic libraries:
0x00007ff6bfe70000 - 0x00007ff6bfe7e000 	C:\Users\MAHI\.jdks\openjdk-23.0.1\bin\java.exe
0x00007ff832d10000 - 0x00007ff832f27000 	C:\WINDOWS\SYSTEM32\ntdll.dll
0x00007ff832130000 - 0x00007ff8321f4000 	C:\WINDOWS\System32\KERNEL32.DLL
0x00007ff8300a0000 - 0x00007ff830470000 	C:\WINDOWS\System32\KERNELBASE.dll
0x00007ff8305e0000 - 0x00007ff8306f1000 	C:\WINDOWS\System32\ucrtbase.dll
0x00007ff82b750000 - 0x00007ff82b767000 	C:\Users\MAHI\.jdks\openjdk-23.0.1\bin\jli.dll
0x00007ff818520000 - 0x00007ff81853b000 	C:\Users\MAHI\.jdks\openjdk-23.0.1\bin\VCRUNTIME140.dll
0x00007ff8323e0000 - 0x00007ff83258e000 	C:\WINDOWS\System32\USER32.dll
0x00007ff830070000 - 0x00007ff830096000 	C:\WINDOWS\System32\win32u.dll
0x00007ff81f5f0000 - 0x00007ff81f882000 	C:\WINDOWS\WinSxS\amd64_microsoft.windows.common-controls_6595b64144ccf1df_6.0.22621.4830_none_270fe7d773858e80\COMCTL32.dll
0x00007ff832ca0000 - 0x00007ff832cc9000 	C:\WINDOWS\System32\GDI32.dll
0x00007ff832bf0000 - 0x00007ff832c97000 	C:\WINDOWS\System32\msvcrt.dll
0x00007ff830780000 - 0x00007ff83089b000 	C:\WINDOWS\System32\gdi32full.dll
0x00007ff830960000 - 0x00007ff8309fa000 	C:\WINDOWS\System32\msvcp_win.dll
0x00007ff830c90000 - 0x00007ff830cc1000 	C:\WINDOWS\System32\IMM32.DLL
0x00007ff818790000 - 0x00007ff81879c000 	C:\Users\MAHI\.jdks\openjdk-23.0.1\bin\vcruntime140_1.dll
0x00007ffff8260000 - 0x00007ffff82ee000 	C:\Users\MAHI\.jdks\openjdk-23.0.1\bin\msvcp140.dll
0x00007fff47240000 - 0x00007fff47f8f000 	C:\Users\MAHI\.jdks\openjdk-23.0.1\bin\server\jvm.dll
0x00007ff832b30000 - 0x00007ff832be1000 	C:\WINDOWS\System32\ADVAPI32.dll
0x00007ff832750000 - 0x00007ff8327f7000 	C:\WINDOWS\System32\sechost.dll
0x00007ff82ffc0000 - 0x00007ff82ffe8000 	C:\WINDOWS\System32\bcrypt.dll
0x00007ff830cd0000 - 0x00007ff830de4000 	C:\WINDOWS\System32\RPCRT4.dll
0x00007ff832a30000 - 0x00007ff832aa1000 	C:\WINDOWS\System32\WS2_32.dll
0x00007ff827550000 - 0x00007ff827584000 	C:\WINDOWS\SYSTEM32\WINMM.dll
0x00007ff82fe90000 - 0x00007ff82fedd000 	C:\WINDOWS\SYSTEM32\POWRPROF.dll
0x00007ff825e40000 - 0x00007ff825e4a000 	C:\WINDOWS\SYSTEM32\VERSION.dll
0x00007ff82fe70000 - 0x00007ff82fe83000 	C:\WINDOWS\SYSTEM32\UMPDC.dll
0x00007ff82f070000 - 0x00007ff82f088000 	C:\WINDOWS\SYSTEM32\kernel.appcore.dll
0x00007ff815260000 - 0x00007ff81526a000 	C:\Users\MAHI\.jdks\openjdk-23.0.1\bin\jimage.dll
0x00007ff82d4e0000 - 0x00007ff82d712000 	C:\WINDOWS\SYSTEM32\DBGHELP.DLL
0x00007ff830e50000 - 0x00007ff8311e0000 	C:\WINDOWS\System32\combase.dll
0x00007ff830a00000 - 0x00007ff830ad7000 	C:\WINDOWS\System32\OLEAUT32.dll
0x00007ff816920000 - 0x00007ff816952000 	C:\WINDOWS\SYSTEM32\dbgcore.DLL
0x00007ff82fff0000 - 0x00007ff83006b000 	C:\WINDOWS\System32\bcryptPrimitives.dll
0x00007ff815010000 - 0x00007ff81501f000 	C:\Users\MAHI\.jdks\openjdk-23.0.1\bin\instrument.dll
0x00007ff80e660000 - 0x00007ff80e67e000 	C:\Users\MAHI\.jdks\openjdk-23.0.1\bin\java.dll
0x00007ff831260000 - 0x00007ff831401000 	C:\WINDOWS\System32\ole32.dll
0x00007ff831410000 - 0x00007ff831c88000 	C:\WINDOWS\System32\SHELL32.dll
0x00007ff82df10000 - 0x00007ff82e820000 	C:\WINDOWS\SYSTEM32\windows.storage.dll
0x00007ff82ddd0000 - 0x00007ff82df0f000 	C:\WINDOWS\SYSTEM32\wintypes.dll
0x00007ff832590000 - 0x00007ff83269a000 	C:\WINDOWS\System32\SHCORE.dll
0x00007ff832ab0000 - 0x00007ff832b0e000 	C:\WINDOWS\System32\shlwapi.dll
0x00007ff82fef0000 - 0x00007ff82ff1b000 	C:\WINDOWS\SYSTEM32\profapi.dll
0x00007ffff7420000 - 0x00007ffff74f7000 	C:\Users\MAHI\.jdks\openjdk-23.0.1\bin\jsvml.dll
0x00007ff805040000 - 0x00007ff805057000 	C:\Users\MAHI\.jdks\openjdk-23.0.1\bin\zip.dll
0x00007ff8111e0000 - 0x00007ff8111f0000 	C:\Users\MAHI\.jdks\openjdk-23.0.1\bin\net.dll
0x00007ff82f4f0000 - 0x00007ff82f55a000 	C:\WINDOWS\system32\mswsock.dll
0x00007ff80e640000 - 0x00007ff80e656000 	C:\Users\MAHI\.jdks\openjdk-23.0.1\bin\nio.dll
0x00007ff801bc0000 - 0x00007ff801bda000 	C:\Program Files\JetBrains\IntelliJ IDEA Community Edition 2024.3\bin\breakgen64.dll
0x00007ff810f20000 - 0x00007ff810f29000 	C:\Users\MAHI\.jdks\openjdk-23.0.1\bin\extnet.dll
0x00007ff805030000 - 0x00007ff80503a000 	C:\Users\MAHI\.jdks\openjdk-23.0.1\bin\management.dll
0x00007ff804180000 - 0x00007ff80418b000 	C:\Users\MAHI\.jdks\openjdk-23.0.1\bin\management_ext.dll
0x00007ff830b70000 - 0x00007ff830b78000 	C:\WINDOWS\System32\PSAPI.DLL
0x00007ff80e630000 - 0x00007ff80e63e000 	C:\Users\MAHI\.jdks\openjdk-23.0.1\bin\sunmscapi.dll
0x00007ff830470000 - 0x00007ff8305d6000 	C:\WINDOWS\System32\CRYPT32.dll
0x00007ff82f900000 - 0x00007ff82f92d000 	C:\WINDOWS\SYSTEM32\ncrypt.dll
0x00007ff82f8c0000 - 0x00007ff82f8f7000 	C:\WINDOWS\SYSTEM32\NTASN1.dll
0x00007ff82f750000 - 0x00007ff82f76b000 	C:\WINDOWS\SYSTEM32\CRYPTSP.dll
0x00007ff82efd0000 - 0x00007ff82f005000 	C:\WINDOWS\system32\rsaenh.dll
0x00007ff82f5e0000 - 0x00007ff82f608000 	C:\WINDOWS\SYSTEM32\USERENV.dll
0x00007ff82f740000 - 0x00007ff82f74c000 	C:\WINDOWS\SYSTEM32\CRYPTBASE.dll
0x00007ff82eac0000 - 0x00007ff82eaed000 	C:\WINDOWS\SYSTEM32\IPHLPAPI.DLL
0x00007ff832360000 - 0x00007ff832369000 	C:\WINDOWS\System32\NSI.dll
0x00007ff8019a0000 - 0x00007ff8019b0000 	C:\Users\MAHI\.jdks\openjdk-23.0.1\bin\verify.dll
0x00007ff82eaf0000 - 0x00007ff82ebf2000 	C:\WINDOWS\SYSTEM32\DNSAPI.dll
0x00007ff823cb0000 - 0x00007ff823cba000 	C:\Windows\System32\rasadhlp.dll
0x00007ff82a4f0000 - 0x00007ff82a573000 	C:\WINDOWS\System32\fwpuclnt.dll
0x00007ff802ac0000 - 0x00007ff802ac8000 	C:\WINDOWS\system32\wshunix.dll

dbghelp: loaded successfully - version: 4.0.5 - missing functions: none
symbol engine: initialized successfully - sym options: 0x614 - pdb path: .;C:\Users\MAHI\.jdks\openjdk-23.0.1\bin;C:\WINDOWS\SYSTEM32;C:\WINDOWS\WinSxS\amd64_microsoft.windows.common-controls_6595b64144ccf1df_6.0.22621.4830_none_270fe7d773858e80;C:\Users\MAHI\.jdks\openjdk-23.0.1\bin\server;C:\Program Files\JetBrains\IntelliJ IDEA Community Edition 2024.3\bin

VM Arguments:
jvm_args: -javaagent:C:\Program Files\JetBrains\IntelliJ IDEA Community Edition 2024.3\lib\idea_rt.jar=54083:C:\Program Files\JetBrains\IntelliJ IDEA Community Edition 2024.3\bin -Dfile.encoding=UTF-8 -Dsun.stdout.encoding=UTF-8 -Dsun.stderr.encoding=UTF-8 
java_command: com.food.FoodWebsiteApplication
java_class_path (initial): D:\internship\online food ordering\backend\FoodWebsite\target\classes;C:\Users\MAHI\.m2\repository\org\springframework\boot\spring-boot-starter-data-jpa\3.4.1\spring-boot-starter-data-jpa-3.4.1.jar;C:\Users\MAHI\.m2\repository\org\springframework\boot\spring-boot-starter\3.4.1\spring-boot-starter-3.4.1.jar;C:\Users\MAHI\.m2\repository\org\springframework\boot\spring-boot-starter-logging\3.4.1\spring-boot-starter-logging-3.4.1.jar;C:\Users\MAHI\.m2\repository\ch\qos\logback\logback-classic\1.5.12\logback-classic-1.5.12.jar;C:\Users\MAHI\.m2\repository\ch\qos\logback\logback-core\1.5.12\logback-core-1.5.12.jar;C:\Users\MAHI\.m2\repository\org\apache\logging\log4j\log4j-to-slf4j\2.24.3\log4j-to-slf4j-2.24.3.jar;C:\Users\MAHI\.m2\repository\org\apache\logging\log4j\log4j-api\2.24.3\log4j-api-2.24.3.jar;C:\Users\MAHI\.m2\repository\org\slf4j\jul-to-slf4j\2.0.16\jul-to-slf4j-2.0.16.jar;C:\Users\MAHI\.m2\repository\jakarta\annotation\jakarta.annotation-api\2.1.1\jakarta.annotation-api-2.1.1.jar;C:\Users\MAHI\.m2\repository\org\yaml\snakeyaml\2.3\snakeyaml-2.3.jar;C:\Users\MAHI\.m2\repository\org\springframework\boot\spring-boot-starter-jdbc\3.4.1\spring-boot-starter-jdbc-3.4.1.jar;C:\Users\MAHI\.m2\repository\com\zaxxer\HikariCP\5.1.0\HikariCP-5.1.0.jar;C:\Users\MAHI\.m2\repository\org\springframework\spring-jdbc\6.2.1\spring-jdbc-6.2.1.jar;C:\Users\MAHI\.m2\repository\org\hibernate\orm\hibernate-core\6.6.4.Final\hibernate-core-6.6.4.Final.jar;C:\Users\MAHI\.m2\repository\jakarta\persistence\jakarta.persistence-api\3.1.0\jakarta.persistence-api-3.1.0.jar;C:\Users\MAHI\.m2\repository\jakarta\transaction\jakarta.transaction-api\2.0.1\jakarta.transaction-api-2.0.1.jar;C:\Users\MAHI\.m2\repository\org\jboss\logging\jboss-logging\3.6.1.Final\jboss-logging-3.6.1.Final.jar;C:\Users\MAHI\.m2\repository\org\hibernate\common\hibernate-commons-annotations\7.0.3.Final\hibernate-commons-annotations-7.0.3.Final.jar;C:\Users\MAHI\.m2\repository\io\smallrye\jandex\3.2.0\jandex-3.2.0.jar;C:\Users\MAHI\.m2\repository\com\fasterxml\classmate\1.7.0\classmate-1.7.0.jar;C:\Users\MAHI\.m2\repository\net\bytebuddy\byte-buddy\1.15.11\byte-buddy-1.15.11.jar;C:\Users\MAHI\.m2\repository\org\glassfish\jaxb\jaxb-runtime\4.0.5\jaxb-runtime-4.0.5.jar;C:\Users\MAHI\.m2\repository\org\glassfish\jaxb\jaxb-core\4.0.5\jaxb-core-4.0.5.jar;C:\Users\MAHI\.m2\repository\org\eclipse\angus\angus-activation\2.0.2\angus-activation-2.0.2.jar;C:\Users\MAHI\.m2\repository\org\glassfish\jaxb\txw2\4.0.5\txw2-4.0.5.jar;C:\Users\MAHI\.m2\repository\com\sun\istack\istack-commons-runtime\4.1.2\istack-commons-runtime-4.1.2.jar;C:\Users\MAHI\.m2\repository\jakarta\inject\jakarta.inject-api\2.0.1\jakarta.inject-api-2.0.1.jar;C:\Users\MAHI\.m2\repository\org\antlr\antlr4-runtime\4.13.0\antlr4-runtime-4.13.0.jar;C:\Users\MAHI\.m2\repository\org\springframework\data\spring-data-jpa\3.4.1\spring-data-jpa-3.4.1.jar;C:\Users\MAHI\.m2\repository\org\springframework\data\spring-data-commons\3.4.1\spring-data-commons-3.4.1.jar;C:\Users\MAHI\.m2\repository\org\springframework\spring-orm\6.2.1\spring-orm-6.2.1.jar;C:\Users\MAHI\.m2\repository\org\springframework\spring-context\6.2.1\spring-context-6.2.1.jar;C:\Users\MAHI\.m2\repository\org\springframework\spring-tx\6.2.1\spring-tx-6.2.1.jar;C:\Users\MAHI\.m2\repository\org\springframework\spring-beans\6.2.1\spring-beans-6.2.1.jar;C:\Users\MAHI\.m2\repository\org\slf4j\slf4j-api\2.0.16\slf4j-api-2.0.16.jar;C:\Users\MAHI\.m2\repository\org\springframework\spring-aspects\6.2.1\spring-aspects-6.2.1.jar;C:\Users\MAHI\.m2\repository\org\aspectj\aspectjweaver\1.9.22.1\aspectjweaver-1.9.22.1.jar;C:\Users\MAHI\.m2\repository\org\springframework\boot\spring-boot-starter-security\3.4.1\spring-boot-starter-security-3.4.1.jar;C:\Users\MAHI\.m2\repository\org\springframework\spring-aop\6.2.1\spring-aop-6.2.1.jar;C:\Users\MAHI\.m2\repository\org\springframework\security\spring-security-config\6.4.2\spring-security-config-6.4.2.jar;C:\Users\MAHI\.m2\repository\org\springframework\security\spring-security-web\6.4.2\spring-security-web-6.4.2.jar;C:\Users\MAHI\.m2\repository\org\springframework\spring-expression\6.2.1\spring-expression-6.2.1.jar;C:\Users\MAHI\.m2\repository\org\springframework\boot\spring-boot-starter-web\3.4.1\spring-boot-starter-web-3.4.1.jar;C:\Users\MAHI\.m2\repository\org\springframework\boot\spring-boot-starter-json\3.4.1\spring-boot-starter-json-3.4.1.jar;C:\Users\MAHI\.m2\repository\com\fasterxml\jackson\datatype\jackson-datatype-jdk8\2.18.2\jackson-datatype-jdk8-2.18.2.jar;C:\Users\MAHI\.m2\repository\com\fasterxml\jackson\datatype\jackson-datatype-jsr310\2.18.2\jackson-datatype-jsr310-2.18.2.jar;C:\Users\MAHI\.m2\repository\com\fasterxml\jackson\module\jackson-module-parameter-names\2.18.2\jackson-module-parameter-names-2.18.2.jar;C:\Users\MAHI\.m2\repository\org\springframework\boot\spring-boot-starter-tomcat\3.4.1\spring-boot-starter-tomcat-3.4.1.jar;C:\Users\MAHI\.m2\repository\org\apache\tomcat\embed\tomcat-embed-core\10.1.34\tomcat-embed-core-10.1.34.jar;C:\Users\MAHI\.m2\repository\org\apache\tomcat\embed\tomcat-embed-el\10.1.34\tomcat-embed-el-10.1.34.jar;C:\Users\MAHI\.m2\repository\org\apache\tomcat\embed\tomcat-embed-websocket\10.1.34\tomcat-embed-websocket-10.1.34.jar;C:\Users\MAHI\.m2\repository\org\springframework\spring-web\6.2.1\spring-web-6.2.1.jar;C:\Users\MAHI\.m2\repository\io\micrometer\micrometer-observation\1.14.2\micrometer-observation-1.14.2.jar;C:\Users\MAHI\.m2\repository\io\micrometer\micrometer-commons\1.14.2\micrometer-commons-1.14.2.jar;C:\Users\MAHI\.m2\repository\org\springframework\spring-webmvc\6.2.1\spring-webmvc-6.2.1.jar;C:\Users\MAHI\.m2\repository\org\springframework\boot\spring-boot-devtools\3.4.1\spring-boot-devtools-3.4.1.jar;C:\Users\MAHI\.m2\repository\org\springframework\boot\spring-boot\3.4.1\spring-boot-3.4.1.jar;C:\Users\MAHI\.m2\repository\org\springframework\boot\spring-boot-autoconfigure\3.4.1\spring-boot-autoconfigure-3.4.1.jar;C:\Users\MAHI\.m2\repository\org\postgresql\postgresql\42.7.4\postgresql-42.7.4.jar;C:\Users\MAHI\.m2\repository\org\checkerframework\checker-qual\3.42.0\checker-qual-3.42.0.jar;C:\Users\MAHI\.m2\repository\org\projectlombok\lombok\1.18.36\lombok-1.18.36.jar;C:\Users\MAHI\.m2\repository\jakarta\xml\bind\jakarta.xml.bind-api\4.0.2\jakarta.xml.bind-api-4.0.2.jar;C:\Users\MAHI\.m2\repository\jakarta\activation\jakarta.activation-api\2.1.3\jakarta.activation-api-2.1.3.jar;C:\Users\MAHI\.m2\repository\org\springframework\spring-core\6.2.1\spring-core-6.2.1.jar;C:\Users\MAHI\.m2\repository\org\springframework\spring-jcl\6.2.1\spring-jcl-6.2.1.jar;C:\Users\MAHI\.m2\repository\org\springframework\security\spring-security-core\6.4.2\spring-security-core-6.4.2.jar;C:\Users\MAHI\.m2\repository\org\springframework\security\spring-security-crypto\6.4.2\spring-security-crypto-6.4.2.jar;C:\Users\MAHI\.m2\repository\io\jsonwebtoken\jjwt-api\0.12.6\jjwt-api-0.12.6.jar;C:\Users\MAHI\.m2\repository\io\jsonwebtoken\jjwt-impl\0.12.6\jjwt-impl-0.12.6.jar;C:\Users\MAHI\.m2\repository\io\jsonwebtoken\jjwt-jackson\0.12.6\jjwt-jackson-0.12.6.jar;C:\Users\MAHI\.m2\repository\com\fasterxml\jackson\core\jackson-databind\2.18.2\jackson-databind-2.18.2.jar;C:\Users\MAHI\.m2\repository\com\fasterxml\jackson\core\jackson-annotations\2.18.2\jackson-annotations-2.18.2.jar;C:\Users\MAHI\.m2\repository\com\fasterxml\jackson\core\jackson-core\2.18.2\jackson-core-2.18.2.jar
Launcher Type: SUN_STANDARD

[Global flags]
     intx CICompilerCount                          = 4                                         {product} {ergonomic}
     uint ConcGCThreads                            = 3                                         {product} {ergonomic}
     uint G1ConcRefinementThreads                  = 10                                        {product} {ergonomic}
   size_t G1HeapRegionSize                         = 1048576                                   {product} {ergonomic}
   size_t InitialHeapSize                          = 98566144                                  {product} {ergonomic}
   size_t MarkStackSize                            = 4194304                                   {product} {ergonomic}
   size_t MarkStackSizeMax                         = 536870912                                 {product} {ergonomic}
   size_t MaxHeapSize                              = 1572864000                                {product} {ergonomic}
   size_t MaxNewSize                               = 943718400                                 {product} {ergonomic}
   size_t MinHeapDeltaBytes                        = 1048576                                   {product} {ergonomic}
   size_t MinHeapSize                              = 8388608                                   {product} {ergonomic}
    uintx NonNMethodCodeHeapSize                   = 5832704                                {pd product} {ergonomic}
    uintx NonProfiledCodeHeapSize                  = 122945536                              {pd product} {ergonomic}
    uintx ProfiledCodeHeapSize                     = 122880000                              {pd product} {ergonomic}
    uintx ReservedCodeCacheSize                    = 251658240                              {pd product} {ergonomic}
     bool SegmentedCodeCache                       = true                                      {product} {ergonomic}
   size_t SoftMaxHeapSize                          = 1572864000                             {manageable} {ergonomic}
     bool UseCompressedOops                        = true                           {product lp64_product} {ergonomic}
     bool UseG1GC                                  = true                                      {product} {ergonomic}
     bool UseLargePagesIndividualAllocation        = false                                  {pd product} {ergonomic}

Logging:
Log output configuration:
 #0: stdout all=warning uptime,level,tags foldmultilines=false
 #1: stderr all=off uptime,level,tags foldmultilines=false

Environment Variables:
PATH=C:\Program Files\Common Files\Oracle\Java\javapath;C:\Windows\system32;C:\Windows;C:\Windows\System32\Wbem;C:\Windows\System32\WindowsPowerShell\v1.0\;C:\Windows\System32\OpenSSH\;C:\Program Files (x86)\NVIDIA Corporation\PhysX\Common;C:\Program Files\NVIDIA Corporation\NVIDIA NvDLISR;C:\Program Files\Java\jdk-19\bin;C:\WINDOWS\system32;C:\WINDOWS;C:\WINDOWS\System32\Wbem;C:\WINDOWS\System32\WindowsPowerShell\v1.0\;C:\WINDOWS\System32\OpenSSH\;C:\ProgramData\chocolatey\bin;exit;C:\Program Files\nodejs;C:\Program Files\Git\cmd;C:\Program Files\Microsoft VS Code\bin;exit;C:\Program Files\nodejs;exit;C:\Program Files\nodejs;C:\Program Files\PostgreSQL\12\bin;C:\Program Files\PostgreSQL\16\bin;C:\Users\MAHI\AppData\Local\Programs\Python\Python312\Scripts\;C:\Users\MAHI\AppData\Local\Programs\Python\Python312\;C:\Users\MAHI\AppData\Local\Microsoft\WindowsApps;C:\Users\MAHI\AppData\Local\Programs\Microsoft VS Code\bin;C:\ProgramData\nvm;C:\Program Files\nodejs;C:\Program Files\JetBrains\IntelliJ IDEA Community Edition 2024.3\bin;;C:\Users\MAHI\AppData\Local\GitHubDesktop\bin;C:\Users\MAHI\AppData\Local\Microsoft\WinGet\Packages\Schniz.fnm_Microsoft.Winget.Source_8wekyb3d8bbwe;
USERNAME=MAHI
OS=Windows_NT
PROCESSOR_IDENTIFIER=AMD64 Family 25 Model 80 Stepping 0, AuthenticAMD
TMP=C:\Users\MAHI\AppData\Local\Temp
TEMP=C:\Users\MAHI\AppData\Local\Temp




Periodic native trim disabled

---------------  S Y S T E M  ---------------

OS:
 Windows 11 , 64 bit Build 22621 (10.0.22621.4830)
OS uptime: 0 days 7:16 hours

CPU: total 12 (initial active 12) (12 cores per cpu, 2 threads per core) family 25 model 80 stepping 0 microcode 0x0, cx8, cmov, fxsr, ht, mmx, 3dnowpref, sse, sse2, sse3, ssse3, sse4a, sse4.1, sse4.2, popcnt, lzcnt, tsc, tscinvbit, avx, avx2, aes, erms, clmul, bmi1, bmi2, adx, sha, fma, vzeroupper, clflush, clflushopt, rdtscp, rdpid, fsrm, f16c, pku, cet_ss
Processor Information for processor 0
  Max Mhz: 3301, Current Mhz: 3301, Mhz Limit: 3301
Processor Information for processor 1
  Max Mhz: 3301, Current Mhz: 3301, Mhz Limit: 3301
Processor Information for processor 2
  Max Mhz: 3301, Current Mhz: 3301, Mhz Limit: 3301
Processor Information for processor 3
  Max Mhz: 3301, Current Mhz: 3301, Mhz Limit: 3301
Processor Information for processor 4
  Max Mhz: 3301, Current Mhz: 3301, Mhz Limit: 3301
Processor Information for processor 5
  Max Mhz: 3301, Current Mhz: 2630, Mhz Limit: 3301
Processor Information for processor 6
  Max Mhz: 3301, Current Mhz: 3301, Mhz Limit: 3301
Processor Information for processor 7
  Max Mhz: 3301, Current Mhz: 2630, Mhz Limit: 3301
Processor Information for processor 8
  Max Mhz: 3301, Current Mhz: 3301, Mhz Limit: 3301
Processor Information for processor 9
  Max Mhz: 3301, Current Mhz: 3301, Mhz Limit: 3301
Processor Information for processor 10
  Max Mhz: 3301, Current Mhz: 3301, Mhz Limit: 3301
Processor Information for processor 11
  Max Mhz: 3301, Current Mhz: 3301, Mhz Limit: 3301

Memory: 4k page, system-wide physical 5996M (302M free)
TotalPageFile size 24428M (AvailPageFile size 0M)
current process WorkingSet (physical memory assigned to process): 167M, peak: 330M
current process commit charge ("private bytes"): 364M, peak: 376M

vm_info: OpenJDK 64-Bit Server VM (23.0.1+11-39) for windows-amd64 JRE (23.0.1+11-39), built on 2024-09-30T07:20:43Z with MS VC++ 17.6 (VS2022)

END.
